INFO - tinypaper - Running command 'main'
INFO - tinypaper - Started run with ID "1"
INFO - main - playing only games [17, 37, 48, 65, 74]
  0%|          | 0/5 [00:00<?, ?it/s]/home/fdamken/Development/study/tinypaper/src/model/model.py:19: UserWarning: Running model NOT in dry mode! This will consume API tokens and may cost money. MAKE SURE TO RUN IN DRY MODE FIRST TO GET AN ESTIMATE!
  warnings.warn(f"Running model NOT in dry mode! This will consume API tokens and may cost money. MAKE SURE TO RUN IN DRY MODE FIRST TO GET AN ESTIMATE!")
 20%|██        | 1/5 [00:07<00:30,  7.64s/it]/home/fdamken/Development/study/tinypaper/src/model/model.py:19: UserWarning: Running model NOT in dry mode! This will consume API tokens and may cost money. MAKE SURE TO RUN IN DRY MODE FIRST TO GET AN ESTIMATE!
  warnings.warn(f"Running model NOT in dry mode! This will consume API tokens and may cost money. MAKE SURE TO RUN IN DRY MODE FIRST TO GET AN ESTIMATE!")
WARNING - root - Finished call to 'agent.Agent.play' after 0.469(s), this was the 1st time calling it.
INFO - root - Retrying agent.Agent.play in 0.0 seconds as it raised UnexpectedAnswerException: expected 1 or 2, got 어.
WARNING - root - Finished call to 'agent.Agent.play' after 3.647(s), this was the 2nd time calling it.
INFO - root - Retrying agent.Agent.play in 0.0 seconds as it raised UnexpectedAnswerException: expected 1 or 2, got 어.
WARNING - root - Finished call to 'agent.Agent.play' after 4.213(s), this was the 3rd time calling it.
INFO - root - Retrying agent.Agent.play in 0.0 seconds as it raised UnexpectedAnswerException: expected 1 or 2, got 어.
WARNING - root - Finished call to 'agent.Agent.play' after 4.771(s), this was the 4th time calling it.
INFO - root - Retrying agent.Agent.play in 0.0 seconds as it raised UnexpectedAnswerException: expected 1 or 2, got 어.
WARNING - root - Finished call to 'agent.Agent.play' after 5.217(s), this was the 5th time calling it.
INFO - root - Retrying agent.Agent.play in 0.0 seconds as it raised UnexpectedAnswerException: expected 1 or 2, got 어.
 40%|████      | 2/5 [00:19<00:30, 10.19s/it]WARNING - root - Finished call to 'agent.Agent.play' after 4.203(s), this was the 1st time calling it.
INFO - root - Retrying agent.Agent.play in 0.0 seconds as it raised UnexpectedAnswerException: expected 1 or 2, got 어.
WARNING - _fetch - expected 1 output tokens, got 0
WARNING - root - Finished call to 'agent.Agent.play' after 5.985(s), this was the 2nd time calling it.
INFO - root - Retrying agent.Agent.play in 0.0 seconds as it raised UnexpectedAnswerException: expected 1 or 2, got .
WARNING - root - Finished call to 'agent.Agent.play' after 10.630(s), this was the 3rd time calling it.
INFO - root - Retrying agent.Agent.play in 0.0 seconds as it raised UnexpectedAnswerException: expected 1 or 2, got 어.
WARNING - _fetch - expected 1 output tokens, got 0
WARNING - root - Finished call to 'agent.Agent.play' after 11.185(s), this was the 4th time calling it.
INFO - root - Retrying agent.Agent.play in 0.0 seconds as it raised UnexpectedAnswerException: expected 1 or 2, got .
INFO - openai._base_client - Retrying request to /chat/completions in 0.529000 seconds
INFO - openai._base_client - Retrying request to /chat/completions in 0.527000 seconds
INFO - openai._base_client - Retrying request to /chat/completions in 0.783000 seconds
INFO - openai._base_client - Retrying request to /chat/completions in 0.461000 seconds
WARNING - root - Finished call to 'agent.Agent.play' after 20.546(s), this was the 5th time calling it.
INFO - root - Retrying agent.Agent.play in 0.0 seconds as it raised UnexpectedAnswerException: expected 1 or 2, got 어.
INFO - openai._base_client - Retrying request to /chat/completions in 0.457000 seconds
INFO - openai._base_client - Retrying request to /chat/completions in 0.123000 seconds
INFO - openai._base_client - Retrying request to /chat/completions in 0.423000 seconds
INFO - openai._base_client - Retrying request to /chat/completions in 0.577000 seconds
INFO - openai._base_client - Retrying request to /chat/completions in 0.679000 seconds
INFO - openai._base_client - Retrying request to /chat/completions in 0.862000 seconds
INFO - openai._base_client - Retrying request to /chat/completions in 0.524000 seconds
INFO - openai._base_client - Retrying request to /chat/completions in 0.884000 seconds
INFO - openai._base_client - Retrying request to /chat/completions in 0.914000 seconds
 60%|██████    | 3/5 [00:53<00:42, 21.12s/it]WARNING - root - Finished call to 'agent.Agent.play' after 0.417(s), this was the 1st time calling it.
INFO - root - Retrying agent.Agent.play in 0.0 seconds as it raised UnexpectedAnswerException: expected 1 or 2, got 어.
INFO - openai._base_client - Retrying request to /chat/completions in 0.208000 seconds
INFO - openai._base_client - Retrying request to /chat/completions in 0.220000 seconds
INFO - openai._base_client - Retrying request to /chat/completions in 0.661000 seconds
INFO - openai._base_client - Retrying request to /chat/completions in 0.514000 seconds
INFO - openai._base_client - Retrying request to /chat/completions in 0.597000 seconds
INFO - openai._base_client - Retrying request to /chat/completions in 0.735000 seconds
WARNING - root - Finished call to 'agent.Agent.play' after 8.631(s), this was the 2nd time calling it.
INFO - root - Retrying agent.Agent.play in 0.0 seconds as it raised UnexpectedAnswerException: expected 1 or 2, got 어.
INFO - openai._base_client - Retrying request to /chat/completions in 0.375000 seconds
INFO - openai._base_client - Retrying request to /chat/completions in 0.426000 seconds
INFO - openai._base_client - Retrying request to /chat/completions in 0.425000 seconds
INFO - openai._base_client - Retrying request to /chat/completions in 0.441000 seconds
INFO - openai._base_client - Retrying request to /chat/completions in 0.601000 seconds
INFO - openai._base_client - Retrying request to /chat/completions in 0.529000 seconds
WARNING - root - Finished call to 'agent.Agent.play' after 17.606(s), this was the 3rd time calling it.
INFO - root - Retrying agent.Agent.play in 0.0 seconds as it raised UnexpectedAnswerException: expected 1 or 2, got 이.
INFO - openai._base_client - Retrying request to /chat/completions in 0.149000 seconds
INFO - openai._base_client - Retrying request to /chat/completions in 0.467000 seconds
INFO - openai._base_client - Retrying request to /chat/completions in 0.332000 seconds
INFO - openai._base_client - Retrying request to /chat/completions in 0.658000 seconds
INFO - openai._base_client - Retrying request to /chat/completions in 0.907000 seconds
INFO - openai._base_client - Retrying request to /chat/completions in 0.715000 seconds
WARNING - root - Finished call to 'agent.Agent.play' after 27.022(s), this was the 4th time calling it.
INFO - root - Retrying agent.Agent.play in 0.0 seconds as it raised UnexpectedAnswerException: expected 1 or 2, got 어.
INFO - openai._base_client - Retrying request to /chat/completions in 0.237000 seconds
INFO - openai._base_client - Retrying request to /chat/completions in 0.238000 seconds
INFO - openai._base_client - Retrying request to /chat/completions in 0.237000 seconds
INFO - openai._base_client - Retrying request to /chat/completions in 0.410000 seconds
INFO - openai._base_client - Retrying request to /chat/completions in 0.437000 seconds
INFO - openai._base_client - Retrying request to /chat/completions in 0.614000 seconds
INFO - openai._base_client - Retrying request to /chat/completions in 0.709000 seconds
WARNING - root - Finished call to 'agent.Agent.play' after 35.842(s), this was the 5th time calling it.
INFO - root - Retrying agent.Agent.play in 0.0 seconds as it raised UnexpectedAnswerException: expected 1 or 2, got 어.
INFO - openai._base_client - Retrying request to /chat/completions in 0.134000 seconds
INFO - openai._base_client - Retrying request to /chat/completions in 0.510000 seconds
INFO - openai._base_client - Retrying request to /chat/completions in 0.354000 seconds
INFO - openai._base_client - Retrying request to /chat/completions in 0.448000 seconds
INFO - openai._base_client - Retrying request to /chat/completions in 0.579000 seconds
INFO - openai._base_client - Retrying request to /chat/completions in 0.743000 seconds
WARNING - root - Finished call to 'agent.Agent.play' after 43.629(s), this was the 6th time calling it.
INFO - root - Retrying agent.Agent.play in 0.0 seconds as it raised UnexpectedAnswerException: expected 1 or 2, got 어.
INFO - openai._base_client - Retrying request to /chat/completions in 0.287000 seconds
INFO - openai._base_client - Retrying request to /chat/completions in 0.433000 seconds
INFO - openai._base_client - Retrying request to /chat/completions in 0.221000 seconds
INFO - openai._base_client - Retrying request to /chat/completions in 0.339000 seconds
INFO - openai._base_client - Retrying request to /chat/completions in 0.642000 seconds
INFO - openai._base_client - Retrying request to /chat/completions in 0.605000 seconds
INFO - openai._base_client - Retrying request to /chat/completions in 0.786000 seconds
WARNING - root - Finished call to 'agent.Agent.play' after 52.832(s), this was the 7th time calling it.
INFO - root - Retrying agent.Agent.play in 0.0 seconds as it raised UnexpectedAnswerException: expected 1 or 2, got 어.
INFO - openai._base_client - Retrying request to /chat/completions in 0.161000 seconds
INFO - openai._base_client - Retrying request to /chat/completions in 0.384000 seconds
INFO - openai._base_client - Retrying request to /chat/completions in 0.311000 seconds
INFO - openai._base_client - Retrying request to /chat/completions in 0.364000 seconds
INFO - openai._base_client - Retrying request to /chat/completions in 0.471000 seconds
INFO - openai._base_client - Retrying request to /chat/completions in 0.564000 seconds
INFO - openai._base_client - Retrying request to /chat/completions in 0.761000 seconds
WARNING - root - Finished call to 'agent.Agent.play' after 60.727(s), this was the 8th time calling it.
INFO - root - Retrying agent.Agent.play in 0.0 seconds as it raised UnexpectedAnswerException: expected 1 or 2, got 어.
INFO - openai._base_client - Retrying request to /chat/completions in 0.158000 seconds
INFO - openai._base_client - Retrying request to /chat/completions in 0.263000 seconds
INFO - openai._base_client - Retrying request to /chat/completions in 0.180000 seconds
INFO - openai._base_client - Retrying request to /chat/completions in 0.296000 seconds
INFO - openai._base_client - Retrying request to /chat/completions in 0.912000 seconds
INFO - openai._base_client - Retrying request to /chat/completions in 0.296000 seconds
WARNING - root - Finished call to 'agent.Agent.play' after 69.573(s), this was the 9th time calling it.
INFO - root - Retrying agent.Agent.play in 0.0 seconds as it raised UnexpectedAnswerException: expected 1 or 2, got 어.
INFO - openai._base_client - Retrying request to /chat/completions in 0.216000 seconds
INFO - openai._base_client - Retrying request to /chat/completions in 0.387000 seconds
INFO - openai._base_client - Retrying request to /chat/completions in 0.435000 seconds
INFO - openai._base_client - Retrying request to /chat/completions in 0.635000 seconds
INFO - openai._base_client - Retrying request to /chat/completions in 0.597000 seconds
WARNING - _fetch - expected 1 output tokens, got 0
WARNING - root - Finished call to 'agent.Agent.play' after 78.421(s), this was the 10th time calling it.
 80%|████████  | 4/5 [02:12<00:43, 43.74s/it]INFO - openai._base_client - Retrying request to /chat/completions in 0.247000 seconds
INFO - openai._base_client - Retrying request to /chat/completions in 0.229000 seconds
INFO - openai._base_client - Retrying request to /chat/completions in 0.174000 seconds
INFO - openai._base_client - Retrying request to /chat/completions in 0.635000 seconds
INFO - openai._base_client - Retrying request to /chat/completions in 0.486000 seconds
INFO - openai._base_client - Retrying request to /chat/completions in 0.673000 seconds
INFO - openai._base_client - Retrying request to /chat/completions in 0.732000 seconds
INFO - openai._base_client - Retrying request to /chat/completions in 0.819000 seconds
INFO - openai._base_client - Retrying request to /chat/completions in 0.952000 seconds
INFO - openai._base_client - Retrying request to /chat/completions in 1.024000 seconds
100%|██████████| 5/5 [02:25<00:00, 32.86s/it]100%|██████████| 5/5 [02:25<00:00, 29.14s/it]
INFO - tinypaper - Result: {'answers': ['skipped; only playing games [17, 37, 48, 65, 74]', 'skipped; only playing games [17, 37, 48, 65, 74]', 'skipped; only playing games [17, 37, 48, 65, 74]', 'skipped; only playing games [17, 37, 48, 65, 74]', 'skipped; only playing games [17, 37, 48, 65, 74]', 'skipped; only playing games [17, 37, 48, 65, 74]', 'skipped; only playing games [17, 37, 48, 65, 74]', 'skipped; only playing games [17, 37, 48, 65, 74]', 'skipped; only playing games [17, 37, 48, 65, 74]', 'skipped; only playing games [17, 37, 48, 65, 74]', 'skipped; only playing games [17, 37, 48, 65, 74]', 'skipped; only playing games [17, 37, 48, 65, 74]', 'skipped; only playing games [17, 37, 48, 65, 74]', 'skipped; only playing games [17, 37, 48, 65, 74]', 'skipped; only playing games [17, 37, 48, 65, 74]', 'skipped; only playing games [17, 37, 48, 65, 74]', 'skipped; only playing games [17, 37, 48, 65, 74]', ['1', '1', '2', '1', '1', '1', '1', '1', '1', '1', '2', '2', '1'], 'skipped; only playing games [17, 37, 48, 65, 74]', 'skipped; only playing games [17, 37, 48, 65, 74]', 'skipped; only playing games [17, 37, 48, 65, 74]', 'skipped; only playing games [17, 37, 48, 65, 74]', 'skipped; only playing games [17, 37, 48, 65, 74]', 'skipped; only playing games [17, 37, 48, 65, 74]', 'skipped; only playing games [17, 37, 48, 65, 74]', 'skipped; only playing games [17, 37, 48, 65, 74]', 'skipped; only playing games [17, 37, 48, 65, 74]', 'skipped; only playing games [17, 37, 48, 65, 74]', 'skipped; only playing games [17, 37, 48, 65, 74]', 'skipped; only playing games [17, 37, 48, 65, 74]', 'skipped; only playing games [17, 37, 48, 65, 74]', 'skipped; only playing games [17, 37, 48, 65, 74]', 'skipped; only playing games [17, 37, 48, 65, 74]', 'skipped; only playing games [17, 37, 48, 65, 74]', 'skipped; only playing games [17, 37, 48, 65, 74]', 'skipped; only playing games [17, 37, 48, 65, 74]', 'skipped; only playing games [17, 37, 48, 65, 74]', ['1', '1', '2', '1', '1', '1', '1', '1', '1', '1', '2', '1', '1'], 'skipped; only playing games [17, 37, 48, 65, 74]', 'skipped; only playing games [17, 37, 48, 65, 74]', 'skipped; only playing games [17, 37, 48, 65, 74]', 'skipped; only playing games [17, 37, 48, 65, 74]', 'skipped; only playing games [17, 37, 48, 65, 74]', 'skipped; only playing games [17, 37, 48, 65, 74]', 'skipped; only playing games [17, 37, 48, 65, 74]', 'skipped; only playing games [17, 37, 48, 65, 74]', 'skipped; only playing games [17, 37, 48, 65, 74]', 'skipped; only playing games [17, 37, 48, 65, 74]', ['1', '1', '1', '1', '1', '1', '1', '2', '1', '1', '1', '1', '1'], 'skipped; only playing games [17, 37, 48, 65, 74]', 'skipped; only playing games [17, 37, 48, 65, 74]', 'skipped; only playing games [17, 37, 48, 65, 74]', 'skipped; only playing games [17, 37, 48, 65, 74]', 'skipped; only playing games [17, 37, 48, 65, 74]', 'skipped; only playing games [17, 37, 48, 65, 74]', 'skipped; only playing games [17, 37, 48, 65, 74]', 'skipped; only playing games [17, 37, 48, 65, 74]', 'skipped; only playing games [17, 37, 48, 65, 74]', 'skipped; only playing games [17, 37, 48, 65, 74]', 'skipped; only playing games [17, 37, 48, 65, 74]', 'skipped; only playing games [17, 37, 48, 65, 74]', 'skipped; only playing games [17, 37, 48, 65, 74]', 'skipped; only playing games [17, 37, 48, 65, 74]', 'skipped; only playing games [17, 37, 48, 65, 74]', 'skipped; only playing games [17, 37, 48, 65, 74]', 'Traceback (most recent call last):\n  File "/home/fdamken/.cache/pypoetry/virtualenvs/non-package-mode-KIJk1VAA-py3.11/lib/python3.11/site-packages/tenacity/__init__.py", line 382, in __call__\n    result = fn(*args, **kwargs)\n             ^^^^^^^^^^^^^^^^^^^\n  File "/home/fdamken/Development/study/tinypaper/src/agent.py", line 26, in play\n    return [self._prompt(self._make_prompt(scenario)) for scenario in game.scenarios]\n           ^^^^^^^^^^^^^^^^^^^^^^^^^^^^^^^^^^^^^^^^^^^^^^^^^^^^^^^^^^^^^^^^^^^^^^^^^^\n  File "/home/fdamken/Development/study/tinypaper/src/agent.py", line 26, in <listcomp>\n    return [self._prompt(self._make_prompt(scenario)) for scenario in game.scenarios]\n            ^^^^^^^^^^^^^^^^^^^^^^^^^^^^^^^^^^^^^^^^^\n  File "/home/fdamken/Development/study/tinypaper/src/agent.py", line 34, in _prompt\n    raise UnexpectedAnswerException(f"expected 1 or 2, got {result}")\nagent.UnexpectedAnswerException: expected 1 or 2, got \n\nThe above exception was the direct cause of the following exception:\n\nTraceback (most recent call last):\n  File "/home/fdamken/Development/study/tinypaper/scripts/experiments/run.py", line 17, in _run_game\n    result = agent.play(game)\n             ^^^^^^^^^^^^^^^^\n  File "/home/fdamken/.cache/pypoetry/virtualenvs/non-package-mode-KIJk1VAA-py3.11/lib/python3.11/site-packages/tenacity/__init__.py", line 289, in wrapped_f\n    return self(f, *args, **kw)\n           ^^^^^^^^^^^^^^^^^^^^\n  File "/home/fdamken/.cache/pypoetry/virtualenvs/non-package-mode-KIJk1VAA-py3.11/lib/python3.11/site-packages/tenacity/__init__.py", line 379, in __call__\n    do = self.iter(retry_state=retry_state)\n         ^^^^^^^^^^^^^^^^^^^^^^^^^^^^^^^^^^\n  File "/home/fdamken/.cache/pypoetry/virtualenvs/non-package-mode-KIJk1VAA-py3.11/lib/python3.11/site-packages/tenacity/__init__.py", line 326, in iter\n    raise retry_exc from fut.exception()\ntenacity.RetryError: RetryError[<Future at 0x77d5f21d4250 state=finished raised UnexpectedAnswerException>]\n', 'skipped; only playing games [17, 37, 48, 65, 74]', 'skipped; only playing games [17, 37, 48, 65, 74]', 'skipped; only playing games [17, 37, 48, 65, 74]', 'skipped; only playing games [17, 37, 48, 65, 74]', 'skipped; only playing games [17, 37, 48, 65, 74]', 'skipped; only playing games [17, 37, 48, 65, 74]', 'skipped; only playing games [17, 37, 48, 65, 74]', 'skipped; only playing games [17, 37, 48, 65, 74]', ['1', '1', '1', '1', '1', '1', '1', '1', '2', '1', '1', '2', '1'], 'skipped; only playing games [17, 37, 48, 65, 74]', 'skipped; only playing games [17, 37, 48, 65, 74]', 'skipped; only playing games [17, 37, 48, 65, 74]', 'skipped; only playing games [17, 37, 48, 65, 74]', 'skipped; only playing games [17, 37, 48, 65, 74]', 'skipped; only playing games [17, 37, 48, 65, 74]', 'skipped; only playing games [17, 37, 48, 65, 74]', 'skipped; only playing games [17, 37, 48, 65, 74]', 'skipped; only playing games [17, 37, 48, 65, 74]', 'skipped; only playing games [17, 37, 48, 65, 74]', 'skipped; only playing games [17, 37, 48, 65, 74]', 'skipped; only playing games [17, 37, 48, 65, 74]', 'skipped; only playing games [17, 37, 48, 65, 74]', 'skipped; only playing games [17, 37, 48, 65, 74]', 'skipped; only playing games [17, 37, 48, 65, 74]', 'skipped; only playing games [17, 37, 48, 65, 74]', 'skipped; only playing games [17, 37, 48, 65, 74]', 'skipped; only playing games [17, 37, 48, 65, 74]', 'skipped; only playing games [17, 37, 48, 65, 74]', 'skipped; only playing games [17, 37, 48, 65, 74]', 'skipped; only playing games [17, 37, 48, 65, 74]', 'skipped; only playing games [17, 37, 48, 65, 74]', 'skipped; only playing games [17, 37, 48, 65, 74]', 'skipped; only playing games [17, 37, 48, 65, 74]', 'skipped; only playing games [17, 37, 48, 65, 74]'], 'api_usage': [APIUsage(name='gpt-3.5-turbo-0125', num_input_tokens=0, num_output_tokens=0, cost=0), APIUsage(name='gpt-3.5-turbo-0125', num_input_tokens=0, num_output_tokens=0, cost=0), APIUsage(name='gpt-3.5-turbo-0125', num_input_tokens=0, num_output_tokens=0, cost=0), APIUsage(name='gpt-3.5-turbo-0125', num_input_tokens=0, num_output_tokens=0, cost=0), APIUsage(name='gpt-3.5-turbo-0125', num_input_tokens=0, num_output_tokens=0, cost=0), APIUsage(name='gpt-3.5-turbo-0125', num_input_tokens=0, num_output_tokens=0, cost=0), APIUsage(name='gpt-3.5-turbo-0125', num_input_tokens=0, num_output_tokens=0, cost=0), APIUsage(name='gpt-3.5-turbo-0125', num_input_tokens=0, num_output_tokens=0, cost=0), APIUsage(name='gpt-3.5-turbo-0125', num_input_tokens=0, num_output_tokens=0, cost=0), APIUsage(name='gpt-3.5-turbo-0125', num_input_tokens=0, num_output_tokens=0, cost=0), APIUsage(name='gpt-3.5-turbo-0125', num_input_tokens=0, num_output_tokens=0, cost=0), APIUsage(name='gpt-3.5-turbo-0125', num_input_tokens=0, num_output_tokens=0, cost=0), APIUsage(name='gpt-3.5-turbo-0125', num_input_tokens=0, num_output_tokens=0, cost=0), APIUsage(name='gpt-3.5-turbo-0125', num_input_tokens=0, num_output_tokens=0, cost=0), APIUsage(name='gpt-3.5-turbo-0125', num_input_tokens=0, num_output_tokens=0, cost=0), APIUsage(name='gpt-3.5-turbo-0125', num_input_tokens=0, num_output_tokens=0, cost=0), APIUsage(name='gpt-3.5-turbo-0125', num_input_tokens=0, num_output_tokens=0, cost=0), APIUsage(name='gpt-3.5-turbo-0125', num_input_tokens=22361, num_output_tokens=13, cost=0.0112), APIUsage(name='gpt-3.5-turbo-0125', num_input_tokens=0, num_output_tokens=0, cost=0), APIUsage(name='gpt-3.5-turbo-0125', num_input_tokens=0, num_output_tokens=0, cost=0), APIUsage(name='gpt-3.5-turbo-0125', num_input_tokens=0, num_output_tokens=0, cost=0), APIUsage(name='gpt-3.5-turbo-0125', num_input_tokens=0, num_output_tokens=0, cost=0), APIUsage(name='gpt-3.5-turbo-0125', num_input_tokens=0, num_output_tokens=0, cost=0), APIUsage(name='gpt-3.5-turbo-0125', num_input_tokens=0, num_output_tokens=0, cost=0), APIUsage(name='gpt-3.5-turbo-0125', num_input_tokens=0, num_output_tokens=0, cost=0), APIUsage(name='gpt-3.5-turbo-0125', num_input_tokens=0, num_output_tokens=0, cost=0), APIUsage(name='gpt-3.5-turbo-0125', num_input_tokens=0, num_output_tokens=0, cost=0), APIUsage(name='gpt-3.5-turbo-0125', num_input_tokens=0, num_output_tokens=0, cost=0), APIUsage(name='gpt-3.5-turbo-0125', num_input_tokens=0, num_output_tokens=0, cost=0), APIUsage(name='gpt-3.5-turbo-0125', num_input_tokens=0, num_output_tokens=0, cost=0), APIUsage(name='gpt-3.5-turbo-0125', num_input_tokens=0, num_output_tokens=0, cost=0), APIUsage(name='gpt-3.5-turbo-0125', num_input_tokens=0, num_output_tokens=0, cost=0), APIUsage(name='gpt-3.5-turbo-0125', num_input_tokens=0, num_output_tokens=0, cost=0), APIUsage(name='gpt-3.5-turbo-0125', num_input_tokens=0, num_output_tokens=0, cost=0), APIUsage(name='gpt-3.5-turbo-0125', num_input_tokens=0, num_output_tokens=0, cost=0), APIUsage(name='gpt-3.5-turbo-0125', num_input_tokens=0, num_output_tokens=0, cost=0), APIUsage(name='gpt-3.5-turbo-0125', num_input_tokens=0, num_output_tokens=0, cost=0), APIUsage(name='gpt-3.5-turbo-0125', num_input_tokens=27063, num_output_tokens=23, cost=0.013566), APIUsage(name='gpt-3.5-turbo-0125', num_input_tokens=0, num_output_tokens=0, cost=0), APIUsage(name='gpt-3.5-turbo-0125', num_input_tokens=0, num_output_tokens=0, cost=0), APIUsage(name='gpt-3.5-turbo-0125', num_input_tokens=0, num_output_tokens=0, cost=0), APIUsage(name='gpt-3.5-turbo-0125', num_input_tokens=0, num_output_tokens=0, cost=0), APIUsage(name='gpt-3.5-turbo-0125', num_input_tokens=0, num_output_tokens=0, cost=0), APIUsage(name='gpt-3.5-turbo-0125', num_input_tokens=0, num_output_tokens=0, cost=0), APIUsage(name='gpt-3.5-turbo-0125', num_input_tokens=0, num_output_tokens=0, cost=0), APIUsage(name='gpt-3.5-turbo-0125', num_input_tokens=0, num_output_tokens=0, cost=0), APIUsage(name='gpt-3.5-turbo-0125', num_input_tokens=0, num_output_tokens=0, cost=0), APIUsage(name='gpt-3.5-turbo-0125', num_input_tokens=0, num_output_tokens=0, cost=0), APIUsage(name='gpt-3.5-turbo-0125', num_input_tokens=75118, num_output_tokens=50, cost=0.037634), APIUsage(name='gpt-3.5-turbo-0125', num_input_tokens=0, num_output_tokens=0, cost=0), APIUsage(name='gpt-3.5-turbo-0125', num_input_tokens=0, num_output_tokens=0, cost=0), APIUsage(name='gpt-3.5-turbo-0125', num_input_tokens=0, num_output_tokens=0, cost=0), APIUsage(name='gpt-3.5-turbo-0125', num_input_tokens=0, num_output_tokens=0, cost=0), APIUsage(name='gpt-3.5-turbo-0125', num_input_tokens=0, num_output_tokens=0, cost=0), APIUsage(name='gpt-3.5-turbo-0125', num_input_tokens=0, num_output_tokens=0, cost=0), APIUsage(name='gpt-3.5-turbo-0125', num_input_tokens=0, num_output_tokens=0, cost=0), APIUsage(name='gpt-3.5-turbo-0125', num_input_tokens=0, num_output_tokens=0, cost=0), APIUsage(name='gpt-3.5-turbo-0125', num_input_tokens=0, num_output_tokens=0, cost=0), APIUsage(name='gpt-3.5-turbo-0125', num_input_tokens=0, num_output_tokens=0, cost=0), APIUsage(name='gpt-3.5-turbo-0125', num_input_tokens=0, num_output_tokens=0, cost=0), APIUsage(name='gpt-3.5-turbo-0125', num_input_tokens=0, num_output_tokens=0, cost=0), APIUsage(name='gpt-3.5-turbo-0125', num_input_tokens=0, num_output_tokens=0, cost=0), APIUsage(name='gpt-3.5-turbo-0125', num_input_tokens=0, num_output_tokens=0, cost=0), APIUsage(name='gpt-3.5-turbo-0125', num_input_tokens=0, num_output_tokens=0, cost=0), APIUsage(name='gpt-3.5-turbo-0125', num_input_tokens=0, num_output_tokens=0, cost=0), APIUsage(name='gpt-3.5-turbo-0125', num_input_tokens=108677, num_output_tokens=90, cost=0.0544735), APIUsage(name='gpt-3.5-turbo-0125', num_input_tokens=0, num_output_tokens=0, cost=0), APIUsage(name='gpt-3.5-turbo-0125', num_input_tokens=0, num_output_tokens=0, cost=0), APIUsage(name='gpt-3.5-turbo-0125', num_input_tokens=0, num_output_tokens=0, cost=0), APIUsage(name='gpt-3.5-turbo-0125', num_input_tokens=0, num_output_tokens=0, cost=0), APIUsage(name='gpt-3.5-turbo-0125', num_input_tokens=0, num_output_tokens=0, cost=0), APIUsage(name='gpt-3.5-turbo-0125', num_input_tokens=0, num_output_tokens=0, cost=0), APIUsage(name='gpt-3.5-turbo-0125', num_input_tokens=0, num_output_tokens=0, cost=0), APIUsage(name='gpt-3.5-turbo-0125', num_input_tokens=0, num_output_tokens=0, cost=0), APIUsage(name='gpt-3.5-turbo-0125', num_input_tokens=21799, num_output_tokens=13, cost=0.010919), APIUsage(name='gpt-3.5-turbo-0125', num_input_tokens=0, num_output_tokens=0, cost=0), APIUsage(name='gpt-3.5-turbo-0125', num_input_tokens=0, num_output_tokens=0, cost=0), APIUsage(name='gpt-3.5-turbo-0125', num_input_tokens=0, num_output_tokens=0, cost=0), APIUsage(name='gpt-3.5-turbo-0125', num_input_tokens=0, num_output_tokens=0, cost=0), APIUsage(name='gpt-3.5-turbo-0125', num_input_tokens=0, num_output_tokens=0, cost=0), APIUsage(name='gpt-3.5-turbo-0125', num_input_tokens=0, num_output_tokens=0, cost=0), APIUsage(name='gpt-3.5-turbo-0125', num_input_tokens=0, num_output_tokens=0, cost=0), APIUsage(name='gpt-3.5-turbo-0125', num_input_tokens=0, num_output_tokens=0, cost=0), APIUsage(name='gpt-3.5-turbo-0125', num_input_tokens=0, num_output_tokens=0, cost=0), APIUsage(name='gpt-3.5-turbo-0125', num_input_tokens=0, num_output_tokens=0, cost=0), APIUsage(name='gpt-3.5-turbo-0125', num_input_tokens=0, num_output_tokens=0, cost=0), APIUsage(name='gpt-3.5-turbo-0125', num_input_tokens=0, num_output_tokens=0, cost=0), APIUsage(name='gpt-3.5-turbo-0125', num_input_tokens=0, num_output_tokens=0, cost=0), APIUsage(name='gpt-3.5-turbo-0125', num_input_tokens=0, num_output_tokens=0, cost=0), APIUsage(name='gpt-3.5-turbo-0125', num_input_tokens=0, num_output_tokens=0, cost=0), APIUsage(name='gpt-3.5-turbo-0125', num_input_tokens=0, num_output_tokens=0, cost=0), APIUsage(name='gpt-3.5-turbo-0125', num_input_tokens=0, num_output_tokens=0, cost=0), APIUsage(name='gpt-3.5-turbo-0125', num_input_tokens=0, num_output_tokens=0, cost=0), APIUsage(name='gpt-3.5-turbo-0125', num_input_tokens=0, num_output_tokens=0, cost=0), APIUsage(name='gpt-3.5-turbo-0125', num_input_tokens=0, num_output_tokens=0, cost=0), APIUsage(name='gpt-3.5-turbo-0125', num_input_tokens=0, num_output_tokens=0, cost=0), APIUsage(name='gpt-3.5-turbo-0125', num_input_tokens=0, num_output_tokens=0, cost=0), APIUsage(name='gpt-3.5-turbo-0125', num_input_tokens=0, num_output_tokens=0, cost=0), APIUsage(name='gpt-3.5-turbo-0125', num_input_tokens=0, num_output_tokens=0, cost=0), APIUsage(name='gpt-3.5-turbo-0125', num_input_tokens=0, num_output_tokens=0, cost=0)], 'api_usage_total': APIUsage(name='gpt-3.5-turbo-0125', num_input_tokens=255018, num_output_tokens=189, cost=0.1277925)}
INFO - tinypaper - Completed after 0:02:26
